2026-01-22 18:52:04,504 - {"runtime_state": {"latency": 600, "health": 0.5, "failures": 2, "services": ["web", "db"]}, "rl_state": {"latency_level": 2, "health_level": 0.5, "failure_count": 2, "service_count": 2}, "rl_action": 0, "app_spec": {"action": "scale_up", "target": "service", "runtime_context": {"latency": 600, "health": 0.5, "failures": 2, "services": ["web", "db"]}, "rl_action": 0}, "spec_valid": true, "safety_decision": {"action": "scale_up", "target": "service", "runtime_context": {"latency": 600, "health": 0.5, "failures": 2, "services": ["web", "db"]}, "rl_action": 0}, "reward": null}
2026-01-22 18:52:04,607 - Reward recorded: 1, Change: 0.1
2026-01-22 18:52:04,608 - {"runtime_state": {"latency": 1000, "health": 0.2, "failures": 5, "services": ["web"]}, "rl_state": {"latency_level": 2, "health_level": 0.2, "failure_count": 5, "service_count": 1}, "rl_action": 0, "app_spec": {"action": "scale_up", "target": "service", "runtime_context": {"latency": 1000, "health": 0.2, "failures": 5, "services": ["web"]}, "rl_action": 0}, "spec_valid": true, "safety_decision": {"action": "scale_up", "target": "service", "runtime_context": {"latency": 1000, "health": 0.2, "failures": 5, "services": ["web"]}, "rl_action": 0}, "reward": null}
2026-01-22 18:52:04,712 - Reward recorded: -1, Change: -0.1
2026-01-22 18:52:04,713 - {"runtime_state": {"latency": 50, "health": 0.95, "failures": 0, "services": ["web", "db", "cache"]}, "rl_state": {"latency_level": 0, "health_level": 0.95, "failure_count": 0, "service_count": 3}, "rl_action": 0, "app_spec": {"action": "scale_up", "target": "service", "runtime_context": {"latency": 50, "health": 0.95, "failures": 0, "services": ["web", "db", "cache"]}, "rl_action": 0}, "spec_valid": true, "safety_decision": {"action": "scale_up", "target": "service", "runtime_context": {"latency": 50, "health": 0.95, "failures": 0, "services": ["web", "db", "cache"]}, "rl_action": 0}, "reward": null}
2026-01-22 18:52:04,815 - Reward recorded: 1, Change: 0.1
2026-01-22 18:52:34,103 - {"runtime_state": {"latency": 600, "health": 0.5, "failures": 2, "services": ["web", "db"]}, "rl_state": {"latency_level": 2, "health_level": 0.5, "failure_count": 2, "service_count": 2}, "rl_action": 0, "app_spec": {"action": "scale_up", "target": "service", "runtime_context": {"latency": 600, "health": 0.5, "failures": 2, "services": ["web", "db"]}, "rl_action": 0}, "spec_valid": true, "safety_decision": {"action": "scale_up", "target": "service", "runtime_context": {"latency": 600, "health": 0.5, "failures": 2, "services": ["web", "db"]}, "rl_action": 0}, "reward": null}
2026-01-22 18:52:34,206 - Reward recorded: 1, Change: 0.09
2026-01-22 18:52:34,206 - {"runtime_state": {"latency": 1000, "health": 0.2, "failures": 5, "services": ["web"]}, "rl_state": {"latency_level": 2, "health_level": 0.2, "failure_count": 5, "service_count": 1}, "rl_action": 1, "app_spec": {"action": "scale_down", "target": "service", "runtime_context": {"latency": 1000, "health": 0.2, "failures": 5, "services": ["web"]}, "rl_action": 1}, "spec_valid": true, "safety_decision": {"action": "scale_down", "target": "service", "runtime_context": {"latency": 1000, "health": 0.2, "failures": 5, "services": ["web"]}, "rl_action": 1}, "reward": null}
2026-01-22 18:52:34,309 - Reward recorded: -1, Change: -0.1
2026-01-22 18:52:34,309 - {"runtime_state": {"latency": 50, "health": 0.95, "failures": 0, "services": ["web", "db", "cache"]}, "rl_state": {"latency_level": 0, "health_level": 0.95, "failure_count": 0, "service_count": 3}, "rl_action": 0, "app_spec": {"action": "monitor", "target": "service", "runtime_context": {"latency": 50, "health": 0.95, "failures": 0, "services": ["web", "db", "cache"]}, "rl_action": 0}, "spec_valid": true, "safety_decision": {"action": "monitor", "target": "service", "runtime_context": {"latency": 50, "health": 0.95, "failures": 0, "services": ["web", "db", "cache"]}, "rl_action": 0}, "reward": null}
2026-01-22 18:52:34,413 - Reward recorded: 1, Change: 0.099
2026-01-24 19:16:59,354 - {"runtime_state": {"latency": 600, "health": 0.5, "failures": 2, "services": ["web", "db"], "environment": "prod"}, "rl_state": {"latency_level": 2, "health_level": 0.5, "failure_count": 2, "service_count": 2}, "rl_action": 7, "app_spec": {"action": "monitor", "target": "service", "runtime_context": {"latency": 600, "health": 0.5, "failures": 2, "services": ["web", "db"], "environment": "prod"}, "rl_action": 7}, "spec_valid": true, "safety_decision": {"action": "monitor", "target": "service", "runtime_context": {"latency": 600, "health": 0.5, "failures": 2, "services": ["web", "db"], "environment": "prod"}, "rl_action": 7}, "reward": null}
2026-01-24 19:16:59,460 - Reward recorded: 1.2, Change: 0.12
2026-01-24 19:16:59,464 - {"runtime_state": {"latency": 1000, "health": 0.2, "failures": 5, "services": ["web"], "environment": "dev"}, "rl_state": {"latency_level": 2, "health_level": 0.2, "failure_count": 5, "service_count": 1}, "rl_action": 2, "app_spec": {"action": "restart", "target": "service", "runtime_context": {"latency": 1000, "health": 0.2, "failures": 5, "services": ["web"], "environment": "dev"}, "rl_action": 2}, "spec_valid": true, "safety_decision": {"action": "restart", "target": "service", "runtime_context": {"latency": 1000, "health": 0.2, "failures": 5, "services": ["web"], "environment": "dev"}, "rl_action": 2}, "reward": null}
2026-01-24 19:16:59,568 - Reward recorded: -2.1500000000000004, Change: -0.21500000000000005
2026-01-24 19:16:59,571 - {"runtime_state": {"latency": 50, "health": 0.95, "failures": 0, "services": ["web", "db", "cache"], "environment": "prod"}, "rl_state": {"latency_level": 0, "health_level": 0.95, "failure_count": 0, "service_count": 3}, "rl_action": 3, "app_spec": {"action": "heal", "target": "service", "runtime_context": {"latency": 50, "health": 0.95, "failures": 0, "services": ["web", "db", "cache"], "environment": "prod"}, "rl_action": 3}, "spec_valid": true, "safety_decision": {"action": "heal", "target": "service", "runtime_context": {"latency": 50, "health": 0.95, "failures": 0, "services": ["web", "db", "cache"], "environment": "prod"}, "rl_action": 3}, "reward": null}
2026-01-24 19:16:59,675 - Reward recorded: 1.2, Change: 0.13791
2026-01-24 19:17:20,003 - Simulated runtime event: {'latency': 125, 'health': 0.8923674815846095, 'failures': 0, 'services': ['web', 'db'], 'environment': 'prod'}
2026-01-24 19:17:20,004 - Action 'scale_up' not allowed in prod. Downgrading to 'monitor'.
2026-01-24 19:17:20,005 - {"runtime_state": {"latency": 125, "health": 0.8923674815846095, "failures": 0, "services": ["web", "db"], "environment": "prod"}, "rl_state": {"latency_level": 1, "health_level": 0.8923674815846095, "failure_count": 0, "service_count": 2}, "rl_action": 0, "app_spec": {"action": "monitor", "target": "service", "runtime_context": {"latency": 125, "health": 0.8923674815846095, "failures": 0, "services": ["web", "db"], "environment": "prod"}, "rl_action": 0}, "spec_valid": true, "safety_decision": {"action": "monitor", "target": "service", "runtime_context": {"latency": 125, "health": 0.8923674815846095, "failures": 0, "services": ["web", "db"], "environment": "prod"}, "rl_action": 0}, "reward": null}
2026-01-24 19:17:20,007 - Reward recorded: 1.0, Change: 0.1
2026-01-24 19:17:20,007 - Decision applied: {'action': 'monitor', 'target': 'service', 'runtime_context': {'latency': 105, 'health': 0.9423674815846096, 'failures': 0, 'services': ['web', 'db'], 'environment': 'prod'}, 'rl_action': 0}, Outcome: {'success': True, 'failure': False, 'next_state': {'latency': 105, 'health': 0.9423674815846096, 'failures': 0, 'services': ['web', 'db'], 'environment': 'prod'}, 'prev_health': 0.9423674815846096}
2026-01-24 19:17:20,508 - Simulated runtime event: {'latency': 63, 'health': 0.9064133088615316, 'failures': 1, 'services': ['web', 'db'], 'environment': 'prod'}
2026-01-24 19:17:20,508 - {"runtime_state": {"latency": 63, "health": 0.9064133088615316, "failures": 1, "services": ["web", "db"], "environment": "prod"}, "rl_state": {"latency_level": 0, "health_level": 0.9064133088615316, "failure_count": 1, "service_count": 2}, "rl_action": 6, "app_spec": {"action": "monitor", "target": "service", "runtime_context": {"latency": 63, "health": 0.9064133088615316, "failures": 1, "services": ["web", "db"], "environment": "prod"}, "rl_action": 6}, "spec_valid": true, "safety_decision": {"action": "monitor", "target": "service", "runtime_context": {"latency": 63, "health": 0.9064133088615316, "failures": 1, "services": ["web", "db"], "environment": "prod"}, "rl_action": 6}, "reward": null}
2026-01-24 19:17:20,511 - Reward recorded: 1.0999999999999999, Change: 0.10999999999999999
2026-01-24 19:17:20,512 - Decision applied: {'action': 'monitor', 'target': 'service', 'runtime_context': {'latency': 43, 'health': 0.9564133088615316, 'failures': 1, 'services': ['web', 'db'], 'environment': 'prod'}, 'rl_action': 6}, Outcome: {'success': True, 'failure': False, 'next_state': {'latency': 43, 'health': 0.9564133088615316, 'failures': 1, 'services': ['web', 'db'], 'environment': 'prod'}, 'prev_health': 0.9564133088615316}
2026-01-24 19:17:21,012 - Simulated runtime event: {'latency': 50, 'health': 0.8764242970841072, 'failures': 2, 'services': ['web', 'db'], 'environment': 'prod'}
2026-01-24 19:17:21,013 - {"runtime_state": {"latency": 50, "health": 0.8764242970841072, "failures": 2, "services": ["web", "db"], "environment": "prod"}, "rl_state": {"latency_level": 0, "health_level": 0.8764242970841072, "failure_count": 2, "service_count": 2}, "rl_action": 5, "app_spec": {"action": "monitor", "target": "service", "runtime_context": {"latency": 50, "health": 0.8764242970841072, "failures": 2, "services": ["web", "db"], "environment": "prod"}, "rl_action": 5}, "spec_valid": true, "safety_decision": {"action": "monitor", "target": "service", "runtime_context": {"latency": 50, "health": 0.8764242970841072, "failures": 2, "services": ["web", "db"], "environment": "prod"}, "rl_action": 5}, "reward": null}
2026-01-24 19:17:21,014 - Reward recorded: 1.0, Change: 0.1
2026-01-24 19:17:21,015 - Decision applied: {'action': 'monitor', 'target': 'service', 'runtime_context': {'latency': 30, 'health': 0.9264242970841072, 'failures': 2, 'services': ['web', 'db'], 'environment': 'prod'}, 'rl_action': 5}, Outcome: {'success': True, 'failure': False, 'next_state': {'latency': 30, 'health': 0.9264242970841072, 'failures': 2, 'services': ['web', 'db'], 'environment': 'prod'}, 'prev_health': 0.9264242970841072}
2026-01-24 19:17:21,516 - Simulated runtime event: {'latency': -2, 'health': 0.9098253814938967, 'failures': 2, 'services': ['web', 'db'], 'environment': 'prod'}
2026-01-24 19:17:21,516 - Runtime data invalid: Invalid latency: must be non-negative number. Using NOOP fallback.
2026-01-24 19:17:21,516 - Action 'scale_up' not allowed in prod. Downgrading to 'monitor'.
2026-01-24 19:17:21,517 - {"runtime_state": {"latency": 0, "health": 1.0, "failures": 0, "services": ["noop"]}, "rl_state": {"latency_level": 0, "health_level": 1.0, "failure_count": 0, "service_count": 1}, "rl_action": 0, "app_spec": {"action": "monitor", "target": "service", "runtime_context": {"latency": 0, "health": 1.0, "failures": 0, "services": ["noop"]}, "rl_action": 0}, "spec_valid": true, "safety_decision": {"action": "monitor", "target": "service", "runtime_context": {"latency": 0, "health": 1.0, "failures": 0, "services": ["noop"]}, "rl_action": 0}, "reward": null}
2026-01-24 19:17:21,519 - Reward recorded: 0.9799126907469484, Change: 0.09799126907469485
2026-01-24 19:17:21,520 - Decision applied: {'action': 'monitor', 'target': 'service', 'runtime_context': {'latency': 0, 'health': 1.0, 'failures': 0, 'services': ['noop']}, 'rl_action': 0}, Outcome: {'success': True, 'failure': False, 'next_state': {'latency': 0, 'health': 0.9598253814938967, 'failures': 2, 'services': ['web', 'db'], 'environment': 'prod'}, 'prev_health': 1.0}
2026-01-24 19:17:22,021 - Simulated runtime event: {'latency': -29, 'health': 0.9849807881593721, 'failures': 2, 'services': ['web', 'db'], 'environment': 'prod'}
2026-01-24 19:17:22,021 - Runtime data invalid: Invalid latency: must be non-negative number. Using NOOP fallback.
2026-01-24 19:17:22,022 - Action 'scale_up' not allowed in prod. Downgrading to 'monitor'.
2026-01-24 19:17:22,022 - {"runtime_state": {"latency": 0, "health": 1.0, "failures": 0, "services": ["noop"]}, "rl_state": {"latency_level": 0, "health_level": 1.0, "failure_count": 0, "service_count": 1}, "rl_action": 0, "app_spec": {"action": "monitor", "target": "service", "runtime_context": {"latency": 0, "health": 1.0, "failures": 0, "services": ["noop"]}, "rl_action": 0}, "spec_valid": true, "safety_decision": {"action": "monitor", "target": "service", "runtime_context": {"latency": 0, "health": 1.0, "failures": 0, "services": ["noop"]}, "rl_action": 0}, "reward": null}
2026-01-24 19:17:22,024 - Reward recorded: 1.0, Change: 0.1
2026-01-24 19:17:22,025 - Decision applied: {'action': 'monitor', 'target': 'service', 'runtime_context': {'latency': 0, 'health': 1.0, 'failures': 0, 'services': ['noop']}, 'rl_action': 0}, Outcome: {'success': True, 'failure': False, 'next_state': {'latency': 0, 'health': 1.0, 'failures': 2, 'services': ['web', 'db'], 'environment': 'prod'}, 'prev_health': 1.0}
2026-01-24 19:17:22,525 - Simulated runtime event: {'latency': -6, 'health': 0.9310578555301713, 'failures': 3, 'services': ['web', 'db'], 'environment': 'prod'}
2026-01-24 19:17:22,525 - Runtime data invalid: Invalid latency: must be non-negative number. Using NOOP fallback.
2026-01-24 19:17:22,525 - Action 'scale_up' not allowed in prod. Downgrading to 'monitor'.
2026-01-24 19:17:22,525 - {"runtime_state": {"latency": 0, "health": 1.0, "failures": 0, "services": ["noop"]}, "rl_state": {"latency_level": 0, "health_level": 1.0, "failure_count": 0, "service_count": 1}, "rl_action": 0, "app_spec": {"action": "monitor", "target": "service", "runtime_context": {"latency": 0, "health": 1.0, "failures": 0, "services": ["noop"]}, "rl_action": 0}, "spec_valid": true, "safety_decision": {"action": "monitor", "target": "service", "runtime_context": {"latency": 0, "health": 1.0, "failures": 0, "services": ["noop"]}, "rl_action": 0}, "reward": null}
2026-01-24 19:17:22,529 - Reward recorded: 0.8905289277650856, Change: 0.08905289277650857
2026-01-24 19:17:22,529 - Decision applied: {'action': 'monitor', 'target': 'service', 'runtime_context': {'latency': 0, 'health': 1.0, 'failures': 0, 'services': ['noop']}, 'rl_action': 0}, Outcome: {'success': True, 'failure': False, 'next_state': {'latency': 0, 'health': 0.9810578555301713, 'failures': 3, 'services': ['web', 'db'], 'environment': 'prod'}, 'prev_health': 1.0}
2026-01-24 19:17:23,030 - Simulated runtime event: {'latency': -4, 'health': 1, 'failures': 3, 'services': ['web', 'db'], 'environment': 'prod'}
2026-01-24 19:17:23,030 - Runtime data invalid: Invalid latency: must be non-negative number. Using NOOP fallback.
2026-01-24 19:17:23,030 - Action 'scale_up' not allowed in prod. Downgrading to 'monitor'.
2026-01-24 19:17:23,031 - {"runtime_state": {"latency": 0, "health": 1.0, "failures": 0, "services": ["noop"]}, "rl_state": {"latency_level": 0, "health_level": 1.0, "failure_count": 0, "service_count": 1}, "rl_action": 0, "app_spec": {"action": "monitor", "target": "service", "runtime_context": {"latency": 0, "health": 1.0, "failures": 0, "services": ["noop"]}, "rl_action": 0}, "spec_valid": true, "safety_decision": {"action": "monitor", "target": "service", "runtime_context": {"latency": 0, "health": 1.0, "failures": 0, "services": ["noop"]}, "rl_action": 0}, "reward": null}
2026-01-24 19:17:23,034 - Reward recorded: 0.8999999999999999, Change: 0.09
2026-01-24 19:17:23,034 - Decision applied: {'action': 'monitor', 'target': 'service', 'runtime_context': {'latency': 0, 'health': 1.0, 'failures': 0, 'services': ['noop']}, 'rl_action': 0}, Outcome: {'success': True, 'failure': False, 'next_state': {'latency': 0, 'health': 1.0, 'failures': 3, 'services': ['web', 'db'], 'environment': 'prod'}, 'prev_health': 1.0}
2026-01-24 19:17:23,535 - Simulated runtime event: {'latency': -8, 'health': 0.9733206668924942, 'failures': 4, 'services': ['web', 'db'], 'environment': 'prod'}
2026-01-24 19:17:23,536 - Runtime data invalid: Invalid latency: must be non-negative number. Using NOOP fallback.
2026-01-24 19:17:23,536 - Action 'scale_up' not allowed in prod. Downgrading to 'monitor'.
2026-01-24 19:17:23,536 - {"runtime_state": {"latency": 0, "health": 1.0, "failures": 0, "services": ["noop"]}, "rl_state": {"latency_level": 0, "health_level": 1.0, "failure_count": 0, "service_count": 1}, "rl_action": 0, "app_spec": {"action": "monitor", "target": "service", "runtime_context": {"latency": 0, "health": 1.0, "failures": 0, "services": ["noop"]}, "rl_action": 0}, "spec_valid": true, "safety_decision": {"action": "monitor", "target": "service", "runtime_context": {"latency": 0, "health": 1.0, "failures": 0, "services": ["noop"]}, "rl_action": 0}, "reward": null}
2026-01-24 19:17:23,539 - Reward recorded: 0.7999999999999999, Change: 0.08
2026-01-24 19:17:23,540 - Decision applied: {'action': 'monitor', 'target': 'service', 'runtime_context': {'latency': 0, 'health': 1.0, 'failures': 0, 'services': ['noop']}, 'rl_action': 0}, Outcome: {'success': True, 'failure': False, 'next_state': {'latency': 0, 'health': 1.0, 'failures': 4, 'services': ['web', 'db'], 'environment': 'prod'}, 'prev_health': 1.0}
2026-01-24 19:17:24,041 - Simulated runtime event: {'latency': 13, 'health': 0.9318839404400274, 'failures': 5, 'services': ['web', 'db'], 'environment': 'prod'}
2026-01-24 19:17:24,041 - Action 'scale_up' not allowed in prod. Downgrading to 'monitor'.
2026-01-24 19:17:24,041 - {"runtime_state": {"latency": 13, "health": 0.9318839404400274, "failures": 5, "services": ["web", "db"], "environment": "prod"}, "rl_state": {"latency_level": 0, "health_level": 0.9318839404400274, "failure_count": 5, "service_count": 2}, "rl_action": 0, "app_spec": {"action": "monitor", "target": "service", "runtime_context": {"latency": 13, "health": 0.9318839404400274, "failures": 5, "services": ["web", "db"], "environment": "prod"}, "rl_action": 0}, "spec_valid": true, "safety_decision": {"action": "monitor", "target": "service", "runtime_context": {"latency": 13, "health": 0.9318839404400274, "failures": 5, "services": ["web", "db"], "environment": "prod"}, "rl_action": 0}, "reward": null}
2026-01-24 19:17:24,043 - Reward recorded: 0.7, Change: 0.06999999999999999
2026-01-24 19:17:24,043 - Decision applied: {'action': 'monitor', 'target': 'service', 'runtime_context': {'latency': 0, 'health': 0.9818839404400275, 'failures': 5, 'services': ['web', 'db'], 'environment': 'prod'}, 'rl_action': 0}, Outcome: {'success': True, 'failure': False, 'next_state': {'latency': 0, 'health': 0.9818839404400275, 'failures': 5, 'services': ['web', 'db'], 'environment': 'prod'}, 'prev_health': 0.9818839404400275}
2026-01-24 19:17:24,544 - Simulated runtime event: {'latency': -2, 'health': 1, 'failures': 5, 'services': ['web', 'db'], 'environment': 'prod'}
2026-01-24 19:17:24,544 - Runtime data invalid: Invalid latency: must be non-negative number. Using NOOP fallback.
2026-01-24 19:17:24,544 - Action 'scale_up' not allowed in prod. Downgrading to 'monitor'.
2026-01-24 19:17:24,544 - {"runtime_state": {"latency": 0, "health": 1.0, "failures": 0, "services": ["noop"]}, "rl_state": {"latency_level": 0, "health_level": 1.0, "failure_count": 0, "service_count": 1}, "rl_action": 0, "app_spec": {"action": "monitor", "target": "service", "runtime_context": {"latency": 0, "health": 1.0, "failures": 0, "services": ["noop"]}, "rl_action": 0}, "spec_valid": true, "safety_decision": {"action": "monitor", "target": "service", "runtime_context": {"latency": 0, "health": 1.0, "failures": 0, "services": ["noop"]}, "rl_action": 0}, "reward": null}
2026-01-24 19:17:24,546 - Reward recorded: 0.7, Change: 0.06999999999999999
2026-01-24 19:17:24,547 - Decision applied: {'action': 'monitor', 'target': 'service', 'runtime_context': {'latency': 0, 'health': 1.0, 'failures': 0, 'services': ['noop']}, 'rl_action': 0}, Outcome: {'success': True, 'failure': False, 'next_state': {'latency': 0, 'health': 1.0, 'failures': 5, 'services': ['web', 'db'], 'environment': 'prod'}, 'prev_health': 1.0}
